<?xml version="1.0" encoding="UTF-8"?>
<!-- Generated by org.testng.reporters.JUnitReportReporter -->
<testsuite hostname="LAPTOP-PVFM62EK" failures="0" tests="6" name="testCases.TC003_LoginDDT" time="19.737" errors="0" timestamp="2025-08-18T18:34:37 IST" skipped="0">
  <testcase classname="testCases.TC003_LoginDDT" name="Verify_loginDDT" time="1.126"/>
  <testcase classname="testCases.TC003_LoginDDT" name="Verify_loginDDT" time="5.526"/>
  <testcase classname="testCases.TC003_LoginDDT" name="Verify_loginDDT" time="5.539"/>
  <testcase classname="testCases.TC003_LoginDDT" name="Verify_loginDDT" time="1.003"/>
  <testcase classname="testCases.TC003_LoginDDT" name="Verify_loginDDT" time="5.561"/>
  <testcase classname="testCases.TC003_LoginDDT" name="Verify_loginDDT" time="0.982"/>
</testsuite> <!-- testCases.TC003_LoginDDT -->
