<?xml version="1.0" encoding="UTF-8"?>
<!-- Generated by org.testng.reporters.JUnitReportReporter -->
<testsuite hostname="LAPTOP-PVFM62EK" failures="0" tests="1" name="testCases.TC001_AccountRegisteration" time="6.538" errors="0" timestamp="2025-08-19T12:15:42 IST" skipped="0">
  <testcase classname="testCases.TC001_AccountRegisteration" name="VerifyRegisteration" time="6.538"/>
</testsuite> <!-- testCases.TC001_AccountRegisteration -->
