<?xml version="1.0" encoding="UTF-8"?>
<!-- Generated by org.testng.reporters.JUnitReportReporter -->
<testsuite hostname="LAPTOP-PVFM62EK" failures="0" tests="1" name="testCases.TC002_LoginTest" time="1.323" errors="0" timestamp="2025-08-19T12:15:42 IST" skipped="0">
  <testcase classname="testCases.TC002_LoginTest" name="Verify_login" time="1.323"/>
</testsuite> <!-- testCases.TC002_LoginTest -->
